2024-02-27 00:27:22,602 - INFO - Finished loading
2024-02-27 23:20:34,921 - INFO - Finished loading
2024-02-27 23:24:58,980 - INFO - Finished loading
2024-02-27 23:26:33,455 - INFO - Finished loading
2024-02-27 23:26:56,036 - INFO - Finished loading
2024-02-27 23:27:22,848 - INFO - Finished loading
2024-02-28 17:17:07,339 - INFO - 0.15606860000116285
2024-02-28 17:25:47,910 - INFO - Floor 2
2024-02-28 17:25:47,935 - WARNING - Acidentally entered portal
2024-02-28 17:26:41,161 - INFO - Healed
2024-02-28 17:29:23,694 - INFO - Floor 2
2024-02-28 17:29:23,719 - WARNING - Acidentally entered portal
2024-02-28 17:30:52,547 - INFO - Healed
2024-02-28 17:43:22,221 - INFO - Moving to portal
2024-02-28 17:43:28,095 - INFO - Floor 2
2024-02-28 17:43:40,197 - INFO - Moving to portal
2024-02-28 17:43:46,238 - INFO - Floor 3
2024-02-28 17:55:30,239 - INFO - Moving to portal
2024-02-28 17:55:36,503 - INFO - Floor 2
2024-02-28 17:55:51,725 - INFO - Died
2024-02-28 17:56:00,417 - INFO - Revived
2024-02-28 17:56:05,547 - INFO - Moving to portal
2024-02-28 17:56:08,068 - INFO - Floor 3
2024-02-28 17:59:33,435 - INFO - Healed
2024-02-28 18:00:01,208 - INFO - Moving to boss
2024-02-28 18:00:24,818 - INFO - Healed
2024-02-28 18:00:56,228 - INFO - Moving to portal
2024-02-28 18:01:02,361 - INFO - Floor 3
2024-02-28 18:01:50,047 - INFO - Moving to tower
2024-02-28 18:02:34,682 - INFO - Moving to tower
2024-02-28 18:02:59,226 - INFO - Healed
2024-02-28 18:17:00,631 - INFO - Moving to portal
2024-02-28 18:17:02,234 - INFO - Floor 2
2024-02-28 18:17:13,873 - INFO - Moving to portal
2024-02-28 18:17:19,554 - INFO - Floor 3
2024-02-28 18:17:31,170 - INFO - Died
2024-02-28 18:17:39,835 - INFO - Revived
2024-02-28 18:20:49,620 - INFO - Moving to portal
2024-02-28 18:21:08,418 - INFO - Floor 2
2024-02-28 18:21:24,331 - INFO - Died
2024-02-28 18:23:00,531 - INFO - Moving to portal
2024-02-28 18:23:06,264 - INFO - Floor 2
2024-02-28 18:23:49,656 - INFO - Healed
2024-02-28 18:24:31,698 - INFO - Moving to boss
2024-02-28 18:25:35,672 - INFO - Moving to portal
2024-02-28 18:25:41,262 - INFO - Floor 3
2024-02-28 18:27:37,667 - INFO - Moving to portal
2024-02-28 18:27:39,544 - INFO - Floor 2
2024-02-28 18:28:38,237 - INFO - Healed
2024-02-28 18:29:03,925 - INFO - Moving to portal
2024-02-28 18:29:14,755 - INFO - Floor 3
2024-02-28 18:29:35,600 - INFO - Moving to tower
2024-02-28 18:30:12,695 - INFO - Moving to portal
2024-02-28 18:33:42,562 - INFO - Moving to portal
2024-02-28 18:33:45,850 - INFO - Floor 2
2024-02-28 18:34:12,750 - INFO - Moving to portal
2024-02-28 18:34:24,376 - INFO - Floor 3
2024-02-28 18:34:39,078 - INFO - Healed
2024-02-28 18:34:41,456 - INFO - Healed
2024-02-28 18:36:41,428 - INFO - Moving to portal
2024-02-28 18:36:44,291 - INFO - Floor 2
2024-02-28 18:38:38,727 - INFO - Healed
2024-02-28 18:47:43,287 - INFO - Moving to portal
2024-02-28 18:47:45,264 - INFO - Floor 2
2024-02-28 18:48:57,954 - INFO - Healed
2024-02-28 18:49:12,649 - INFO - Moving to portal
2024-02-28 18:49:35,947 - INFO - Floor 3
2024-02-28 18:50:04,564 - INFO - Moving to tower
2024-02-28 18:50:28,764 - INFO - Moving to tower
2024-02-28 18:50:55,418 - INFO - Healed
2024-02-28 18:51:15,960 - INFO - Moving to tower
2024-02-28 18:51:59,026 - INFO - Moving to tower
2024-02-28 18:52:25,761 - INFO - Died
2024-02-28 18:52:34,993 - INFO - Revived
2024-02-28 19:25:37,988 - INFO - Finished loading
2024-02-28 19:30:36,468 - INFO - Healed
2024-02-28 19:31:48,452 - INFO - Moving to portal
2024-02-28 19:31:52,032 - INFO - Floor 2
2024-02-28 19:32:30,157 - INFO - Died
2024-02-28 19:32:43,681 - INFO - Revived
2024-02-28 19:33:35,333 - INFO - Healed
2024-02-28 19:33:37,945 - INFO - Died
2024-02-28 19:33:47,574 - INFO - Revived
2024-02-28 19:34:24,603 - INFO - Moving to portal
2024-02-28 19:34:27,224 - INFO - Floor 3
2024-02-28 19:35:44,547 - INFO - Moving to tower
2024-02-28 19:36:15,826 - INFO - Died
2024-02-28 19:36:21,224 - INFO - Revived
2024-02-28 19:36:44,030 - INFO - Moving to tower
2024-02-28 19:37:18,433 - INFO - Healed
2024-02-28 19:37:21,048 - INFO - Died
2024-02-28 19:37:25,878 - INFO - Revived
2024-02-28 19:37:35,257 - INFO - Healed
2024-02-28 19:37:37,559 - INFO - Healed
2024-02-28 19:40:36,503 - INFO - Finished loading
2024-02-28 19:42:44,391 - INFO - Finished loading
2024-02-28 19:50:12,627 - INFO - Finished loading
2024-02-28 19:50:35,030 - INFO - Healed
2024-02-28 19:50:35,356 - WARNING - Acidentally entered portal
2024-02-28 19:50:35,356 - INFO - Floor 1
2024-02-28 19:51:32,626 - INFO - Moving to portal
2024-02-28 19:51:35,576 - INFO - Floor 3
2024-02-28 19:57:44,439 - INFO - Healed
2024-02-28 19:57:46,065 - INFO - Healed
2024-02-28 19:57:46,356 - WARNING - Acidentally entered portal
2024-02-28 19:57:46,356 - INFO - Floor 1
2024-02-28 20:02:13,188 - INFO - Moving to portal
2024-02-28 20:02:15,408 - INFO - Floor 2
2024-02-28 20:02:51,506 - INFO - Died
2024-02-28 20:03:05,398 - INFO - Revived
2024-02-28 20:03:32,177 - INFO - Healed
2024-02-28 20:03:34,054 - INFO - Healed
2024-02-28 20:03:35,971 - INFO - Healed
2024-02-28 20:03:40,187 - INFO - Died
2024-02-28 20:03:49,131 - INFO - Revived
2024-02-28 20:04:25,975 - INFO - Moving to portal
2024-02-28 20:04:38,470 - INFO - Floor 3
2024-02-28 20:05:16,327 - INFO - Healed
2024-02-28 20:05:16,558 - WARNING - Acidentally entered portal
2024-02-28 20:05:16,558 - INFO - Floor 3
2024-02-28 20:05:17,946 - INFO - Healed
2024-02-28 20:10:52,768 - INFO - Moving to portal
2024-02-28 20:10:53,646 - INFO - Floor 2
2024-02-28 20:12:47,724 - INFO - Healed
2024-02-28 20:12:49,368 - INFO - Healed
2024-02-28 20:12:49,724 - INFO - Moving to portal
2024-02-28 20:13:01,784 - INFO - Floor 3
2024-02-28 20:13:11,152 - WARNING - Acidentally entered portal
2024-02-28 20:13:11,152 - INFO - Floor 3
2024-02-28 20:13:12,398 - INFO - Healed
2024-02-28 20:13:32,931 - INFO - Moving to tower
2024-02-28 20:14:03,314 - INFO - Healed
2024-02-28 20:14:26,248 - INFO - Moving to tower
2024-02-28 20:14:44,222 - INFO - Died
2024-02-28 20:14:53,693 - INFO - Revived
2024-02-28 20:15:33,831 - INFO - Moving to tower
2024-02-28 20:19:36,053 - INFO - Healed
2024-02-28 20:19:39,175 - INFO - Died
2024-02-28 20:19:48,244 - INFO - Revived
2024-02-28 20:19:54,452 - INFO - Moving to portal
2024-02-28 20:21:11,267 - INFO - Floor 2
2024-02-28 20:21:23,054 - INFO - Moving to portal
2024-02-28 20:21:27,369 - INFO - Floor 3
2024-02-28 20:22:21,016 - INFO - Healed
2024-02-28 20:22:22,623 - INFO - Healed
2024-02-28 20:22:25,376 - INFO - Healed
2024-02-28 20:22:26,955 - INFO - Died
2024-02-28 20:22:36,140 - INFO - Revived
2024-02-28 20:31:28,641 - INFO - Moving to portal
2024-02-28 20:31:42,052 - INFO - Floor 2
2024-02-28 20:31:52,724 - INFO - Moving to portal
2024-02-28 20:31:57,168 - INFO - Floor 3
2024-02-28 20:32:45,519 - INFO - Healed
2024-02-28 20:32:47,204 - INFO - Healed
2024-02-28 20:32:48,931 - INFO - Healed
2024-02-28 20:32:50,557 - INFO - Healed
2024-02-28 20:32:52,163 - INFO - Died
2024-02-28 20:33:01,306 - INFO - Revived
2024-02-28 20:33:40,447 - INFO - Healed
2024-02-28 20:33:42,191 - INFO - Healed
2024-02-28 20:33:43,892 - INFO - Healed
2024-02-28 20:33:45,619 - INFO - Healed
2024-02-28 20:33:47,299 - INFO - Died
2024-02-28 20:33:56,900 - INFO - Revived
2024-02-28 20:34:39,413 - INFO - Healed
2024-02-28 20:34:41,131 - INFO - Healed
2024-02-28 20:34:42,866 - INFO - Died
2024-02-28 20:34:51,897 - INFO - Revived
2024-02-28 20:35:20,807 - INFO - Moving to portal
2024-02-28 20:35:27,235 - INFO - Floor 3
2024-02-28 20:36:05,492 - INFO - Moving to tower
2024-02-28 20:36:23,849 - INFO - Died
2024-02-28 20:36:33,302 - INFO - Revived
2024-02-28 20:37:03,264 - INFO - Moving to tower
2024-02-28 20:37:10,054 - INFO - Moving to tower
2024-02-28 20:38:59,713 - INFO - Moving to portal
2024-02-28 20:39:10,874 - INFO - Floor 2
2024-02-28 20:40:55,463 - INFO - Died
2024-02-28 20:41:05,007 - INFO - Revived
2024-02-28 20:41:17,664 - INFO - Moving to portal
2024-02-28 20:41:53,460 - INFO - Floor 3
2024-02-28 20:42:21,008 - INFO - Moving to tower
2024-02-28 20:42:47,365 - INFO - Moving to tower
2024-02-28 20:43:31,716 - INFO - Moving to tower
2024-02-28 20:44:22,115 - INFO - Moving to tower
2024-02-28 20:44:37,887 - INFO - Died
2024-02-28 20:44:46,388 - INFO - Revived
2024-02-28 20:45:12,281 - INFO - Moving to tower
2024-02-28 20:46:01,179 - INFO - Finished loading
2024-02-28 20:47:29,691 - INFO - Moving to portal
2024-02-28 20:47:34,575 - INFO - Floor 2
2024-02-28 20:48:19,900 - INFO - Healed
2024-02-28 20:48:21,652 - INFO - Healed
2024-02-28 20:48:23,939 - INFO - Died
2024-02-28 20:48:32,943 - INFO - Revived
2024-02-28 20:49:04,702 - INFO - Healed
2024-02-28 20:49:06,395 - INFO - Died
2024-02-28 20:49:15,326 - INFO - Revived
2024-02-28 20:49:51,456 - INFO - Healed
2024-02-28 20:49:53,152 - INFO - Died
2024-02-28 20:50:02,696 - INFO - Revived
2024-02-28 20:50:21,402 - INFO - Healed
2024-02-28 20:50:25,166 - INFO - Died
2024-02-28 20:50:34,586 - INFO - Revived
2024-02-28 20:50:47,023 - INFO - Moving to portal
2024-02-28 20:50:51,726 - INFO - Floor 3
2024-02-28 20:51:14,607 - INFO - Moving to tower
2024-02-28 20:51:32,072 - INFO - Died
2024-02-28 20:51:41,267 - INFO - Revived
2024-02-28 20:52:56,664 - INFO - Moving to tower
2024-02-28 20:53:13,032 - INFO - Moving to tower
2024-02-28 20:54:06,954 - INFO - Healed
2024-02-28 20:54:08,649 - INFO - Died
2024-02-28 20:54:18,203 - INFO - Revived
2024-02-28 20:54:34,260 - INFO - Moving to tower
2024-02-29 15:51:34,884 - INFO - Moving to portal
2024-02-29 15:51:41,952 - INFO - Floor 2
2024-02-29 15:51:52,847 - INFO - Healed
2024-02-29 15:51:53,235 - INFO - Moving to portal
2024-02-29 15:51:56,993 - INFO - Floor 3
2024-02-29 15:53:48,748 - INFO - Moving to portal
2024-02-29 15:54:01,952 - INFO - Floor 3
2024-02-29 15:54:14,752 - INFO - Healed
2024-02-29 15:54:18,847 - INFO - Healed
2024-02-29 15:54:24,181 - INFO - Moving to tower
2024-02-29 15:54:53,276 - INFO - Moving to tower
2024-02-29 15:55:19,818 - INFO - Moving to tower
2024-02-29 15:55:35,849 - INFO - Died
2024-02-29 15:55:45,002 - INFO - Revived
2024-02-29 15:58:33,387 - INFO - Healed
2024-02-29 16:02:59,460 - INFO - Moving to portal
2024-02-29 16:03:03,749 - INFO - Floor 3
2024-02-29 16:04:17,889 - INFO - Healed
2024-02-29 16:05:21,009 - INFO - Healed
2024-02-29 16:06:08,955 - INFO - Healed
2024-02-29 16:06:21,416 - INFO - Moving to portal
2024-02-29 16:06:25,408 - INFO - Floor 3
2024-02-29 16:07:25,202 - INFO - Moving to tower
2024-02-29 16:07:54,975 - INFO - Moving to tower
2024-02-29 17:54:06,125 - INFO - Moving to monster
2024-02-29 17:54:15,917 - INFO - Moving to monster
2024-02-29 17:54:25,165 - INFO - Died
2024-02-29 17:54:34,588 - INFO - Revived
2024-02-29 17:54:47,381 - INFO - Moving to monster
2024-02-29 17:55:07,542 - INFO - Healed
2024-02-29 17:55:09,386 - INFO - Healed
2024-02-29 17:55:11,252 - INFO - Died
2024-02-29 17:55:20,315 - INFO - Revived
2024-02-29 17:57:47,564 - INFO - Moving to portal
2024-02-29 17:57:59,108 - INFO - Floor 3
2024-02-29 18:03:07,557 - INFO - Moving to monster
2024-02-29 18:03:17,766 - INFO - Moving to monster
2024-02-29 18:03:35,278 - INFO - Moving to portal
2024-02-29 18:03:38,853 - INFO - Floor 2
2024-02-29 18:04:30,665 - INFO - Healed
2024-02-29 18:04:32,518 - INFO - Died
2024-02-29 18:04:41,331 - INFO - Revived
2024-02-29 18:04:51,939 - INFO - Moving to boss
2024-02-29 18:09:18,127 - INFO - Moving to portal
2024-02-29 18:09:32,006 - INFO - Floor 2
2024-02-29 18:10:39,774 - INFO - Healed
2024-02-29 18:10:43,644 - INFO - Healed
2024-02-29 18:10:45,580 - INFO - Healed
2024-02-29 18:10:47,465 - INFO - Healed
2024-02-29 18:10:49,367 - INFO - Healed
2024-02-29 18:10:53,730 - INFO - Healed
2024-02-29 18:10:55,567 - INFO - Died
2024-02-29 18:11:05,150 - INFO - Revived
2024-02-29 18:11:26,963 - INFO - Moving to boss
2024-02-29 18:11:47,031 - INFO - Moving to boss
2024-02-29 18:12:07,545 - INFO - Moving to boss
2024-02-29 18:12:18,637 - INFO - Healed
2024-02-29 18:12:20,588 - INFO - Healed
2024-02-29 18:12:22,482 - INFO - Healed
2024-02-29 18:12:24,342 - INFO - Healed
2024-02-29 18:12:26,219 - INFO - Healed
2024-02-29 18:12:28,677 - INFO - Died
2024-02-29 18:12:37,577 - INFO - Revived
2024-02-29 18:12:37,931 - INFO - Moving to boss
2024-02-29 18:12:59,132 - INFO - Moving to boss
2024-02-29 18:13:21,428 - INFO - Moving to boss
2024-02-29 18:13:42,239 - INFO - Moving to boss
2024-02-29 18:13:54,171 - INFO - Died
2024-02-29 18:14:04,087 - INFO - Revived
2024-02-29 18:14:04,443 - INFO - Moving to boss
2024-02-29 18:14:49,834 - INFO - Finished loading
2024-02-29 18:15:56,114 - INFO - Moving to portal
2024-02-29 18:15:59,677 - INFO - Floor 2
2024-02-29 18:16:54,219 - INFO - Moving to boss
2024-02-29 18:17:05,198 - INFO - Moving to portal
2024-02-29 18:17:15,400 - INFO - Floor 3
2024-02-29 18:17:31,383 - INFO - Moving to tower
2024-02-29 18:18:12,288 - INFO - Died
2024-02-29 18:18:22,078 - INFO - Revived
2024-02-29 18:18:22,259 - INFO - Moving to tower
2024-02-29 18:18:43,503 - INFO - Moving to tower
2024-02-29 18:19:19,108 - INFO - Died
2024-02-29 18:19:27,888 - INFO - Revived
2024-02-29 18:19:28,071 - INFO - Moving to tower
2024-02-29 18:20:01,107 - INFO - Moving to tower
2024-02-29 18:20:58,524 - INFO - Died
2024-02-29 18:21:07,384 - INFO - Revived
2024-02-29 18:21:15,818 - INFO - Moving to tower
2024-02-29 18:28:03,205 - INFO - Moving to monster
2024-02-29 18:28:13,236 - INFO - Moving to monster
2024-02-29 18:28:23,147 - INFO - Died
2024-02-29 18:28:32,318 - INFO - Revived
2024-02-29 18:28:42,784 - INFO - Moving to portal
2024-02-29 18:28:49,110 - INFO - Floor 2
2024-02-29 18:29:23,091 - INFO - Healed
2024-02-29 18:29:24,927 - INFO - Healed
2024-02-29 18:29:26,861 - INFO - Healed
2024-02-29 18:29:28,764 - INFO - Healed
2024-02-29 18:29:30,608 - INFO - Died
2024-02-29 18:29:39,487 - INFO - Revived
2024-02-29 18:30:00,616 - INFO - Moving to boss
2024-02-29 18:30:18,155 - INFO - Moving to portal
2024-02-29 18:30:21,309 - INFO - Floor 3
2024-02-29 18:30:30,808 - INFO - Moving to tower
2024-02-29 18:31:28,073 - INFO - Died
2024-02-29 18:31:36,755 - INFO - Revived
2024-02-29 18:31:46,902 - INFO - Moving to tower
2024-02-29 18:32:19,909 - INFO - Moving to tower
2024-02-29 18:32:35,119 - INFO - Moving to monster
2024-02-29 18:32:44,820 - INFO - Moving to monster
2024-02-29 18:32:54,229 - INFO - Moving to monster
2024-02-29 18:33:04,078 - INFO - Moving to tower
2024-02-29 18:33:34,621 - INFO - Moving to tower
2024-02-29 18:38:23,741 - INFO - Moving to monster
2024-02-29 18:38:33,550 - INFO - Moving to monster
2024-02-29 18:38:45,695 - INFO - Died
2024-02-29 18:38:54,315 - INFO - Revived
2024-02-29 18:39:09,127 - INFO - Moving to portal
2024-02-29 18:39:12,931 - INFO - Floor 2
2024-02-29 18:39:49,250 - INFO - Healed
2024-02-29 18:39:51,219 - INFO - Healed
2024-02-29 18:39:53,127 - INFO - Died
2024-02-29 18:40:01,930 - INFO - Revived
2024-02-29 18:40:44,897 - INFO - Moving to boss
2024-02-29 18:40:55,707 - INFO - Healed
2024-02-29 18:40:57,649 - INFO - Healed
2024-02-29 18:41:01,535 - INFO - Died
2024-02-29 18:41:10,572 - INFO - Revived
2024-02-29 18:41:10,958 - INFO - Moving to boss
2024-02-29 18:41:31,928 - INFO - Moving to boss
2024-02-29 18:41:42,807 - INFO - Died
2024-02-29 18:41:51,628 - INFO - Revived
2024-02-29 18:41:52,022 - INFO - Moving to boss
2024-02-29 18:42:12,543 - INFO - Moving to boss
2024-02-29 18:42:23,342 - INFO - Died
2024-02-29 18:42:32,692 - INFO - Revived
2024-02-29 18:42:33,089 - INFO - Moving to boss
2024-02-29 18:42:53,541 - INFO - Moving to boss
2024-02-29 18:43:10,277 - INFO - Moving to portal
2024-02-29 18:43:28,872 - INFO - Floor 3
2024-02-29 18:43:49,071 - INFO - Moving to tower
2024-02-29 18:44:24,607 - INFO - Died
2024-02-29 18:44:33,627 - INFO - Revived
2024-02-29 18:45:29,796 - INFO - Moving to tower
2024-02-29 18:45:46,619 - INFO - Died
2024-02-29 18:45:55,873 - INFO - Revived
2024-02-29 18:46:22,414 - INFO - Moving to tower
2024-02-29 18:46:39,096 - INFO - Died
2024-02-29 18:46:47,599 - INFO - Revived
2024-02-29 18:49:37,862 - INFO - Moving to monster
2024-02-29 18:49:47,912 - INFO - Moving to portal
2024-02-29 18:49:59,541 - INFO - Floor 2
2024-02-29 18:50:37,347 - INFO - Healed
2024-02-29 18:50:39,191 - INFO - Healed
2024-02-29 18:50:41,652 - INFO - Healed
2024-02-29 18:50:43,580 - INFO - Died
2024-02-29 18:50:52,396 - INFO - Revived
2024-02-29 18:51:21,399 - INFO - Moving to boss
2024-02-29 18:51:35,762 - INFO - Healed
2024-02-29 18:51:37,621 - INFO - Died
2024-02-29 18:51:46,007 - INFO - Revived
2024-02-29 18:51:46,395 - INFO - Moving to boss
2024-02-29 18:51:59,602 - INFO - Healed
2024-02-29 18:52:01,485 - INFO - Died
2024-02-29 18:52:10,071 - INFO - Revived
2024-02-29 18:52:10,457 - INFO - Moving to boss
2024-02-29 18:52:30,787 - INFO - Moving to boss
2024-02-29 18:52:41,640 - INFO - Moving to portal
2024-02-29 18:52:53,352 - INFO - Floor 3
2024-02-29 18:53:40,492 - INFO - Moving to tower
2024-02-29 18:53:57,047 - INFO - Died
2024-02-29 18:54:06,608 - INFO - Revived
2024-02-29 18:54:27,785 - INFO - Moving to tower
2024-02-29 18:55:25,572 - INFO - Moving to tower
2024-02-29 18:55:50,800 - INFO - Died
2024-02-29 18:55:59,628 - INFO - Revived
2024-03-01 13:34:23,054 - INFO - Moving to portal
2024-03-01 13:34:26,817 - INFO - Floor 2
2024-03-01 13:35:44,379 - INFO - Moving to boss
2024-03-01 13:35:56,796 - INFO - Moving to portal
2024-03-01 13:36:17,231 - INFO - Floor 3
2024-03-01 13:36:30,613 - INFO - Died
2024-03-01 13:36:39,839 - INFO - Revived
2024-03-01 13:36:59,362 - WARNING - Acidentally entered portal
2024-03-01 13:36:59,362 - INFO - Floor 3
2024-03-01 13:37:00,661 - INFO - Healed
2024-03-01 13:37:19,667 - INFO - Moving to tower
2024-03-01 13:37:49,506 - INFO - Moving to tower
2024-03-01 13:38:05,921 - INFO - Moving to tower
2024-03-01 13:38:36,852 - INFO - Moving to tower
2024-03-01 13:40:12,604 - INFO - Moving to portal
2024-03-01 13:40:15,517 - INFO - Floor 2
2024-03-01 13:40:42,207 - INFO - Healed
2024-03-01 13:42:04,748 - INFO - Moving to boss
2024-03-01 13:42:27,237 - INFO - Moving to boss
2024-03-01 13:42:38,327 - INFO - Moving to portal
2024-03-01 13:42:42,797 - INFO - Floor 3
2024-03-01 13:42:59,105 - INFO - Moving to tower
2024-03-01 13:43:47,004 - INFO - Healed
2024-03-01 13:44:05,360 - INFO - Moving to tower
2024-03-01 13:45:43,546 - INFO - Finished loading
2024-03-01 13:48:25,337 - INFO - Moving to portal
2024-03-01 13:48:28,242 - INFO - Floor 2
2024-03-01 13:49:22,257 - INFO - Moving to monster
2024-03-01 13:49:32,141 - INFO - Moving to monster
2024-03-01 13:49:44,333 - INFO - Moving to boss
2024-03-01 13:50:05,611 - INFO - Moving to boss
2024-03-01 13:50:26,359 - INFO - Moving to boss
2024-03-01 13:50:37,553 - INFO - Died
2024-03-01 13:50:47,157 - INFO - Revived
2024-03-01 13:50:47,486 - INFO - Moving to boss
2024-03-01 13:51:10,582 - INFO - Moving to boss
2024-03-01 13:51:31,318 - INFO - Moving to boss
2024-03-01 13:51:47,557 - INFO - Moving to portal
2024-03-01 13:52:04,765 - INFO - Floor 3
2024-03-01 13:52:47,383 - WARNING - Acidentally entered portal
2024-03-01 13:52:47,383 - INFO - Floor 3
2024-03-01 13:53:54,873 - INFO - Moving to monster
2024-03-01 13:54:04,723 - INFO - Moving to monster
2024-03-01 13:54:14,476 - INFO - Moving to monster
2024-03-01 13:54:25,324 - INFO - Healed
2024-03-01 13:54:41,038 - INFO - Healed
2024-03-01 13:54:44,899 - INFO - Healed
2024-03-01 13:54:46,751 - INFO - Healed
2024-03-01 13:54:54,055 - INFO - Moving to tower
2024-03-01 13:56:41,391 - INFO - Moving to portal
2024-03-01 13:56:45,549 - INFO - Floor 2
2024-03-01 13:57:26,410 - INFO - Healed
2024-03-01 13:57:30,226 - INFO - Died
2024-03-01 13:57:39,649 - INFO - Revived
2024-03-01 13:58:23,641 - INFO - Moving to monster
2024-03-01 13:58:35,599 - INFO - Healed
2024-03-01 13:58:37,384 - INFO - Healed
2024-03-01 13:58:55,909 - INFO - Healed
2024-03-01 13:59:16,924 - INFO - Moving to boss
2024-03-01 13:59:27,456 - INFO - Healed
2024-03-01 13:59:38,688 - INFO - Moving to boss
2024-03-01 13:59:59,009 - INFO - Moving to boss
2024-03-01 14:00:09,849 - INFO - Healed
2024-03-01 14:00:16,435 - INFO - Moving to portal
2024-03-01 14:00:28,301 - INFO - Floor 3
2024-03-01 14:01:26,019 - INFO - Moving to tower
2024-03-01 14:01:42,867 - INFO - Died
2024-03-01 14:01:52,267 - INFO - Revived
2024-03-01 14:03:00,250 - INFO - Moving to tower
2024-03-01 14:03:53,294 - INFO - Finished loading
2024-03-01 14:05:17,920 - INFO - Moving to portal
2024-03-01 14:05:23,717 - INFO - Floor 2
2024-03-01 14:06:00,176 - INFO - Moving to monster
2024-03-01 14:06:11,516 - INFO - Healed
2024-03-01 14:06:12,087 - INFO - Moving to monster
2024-03-01 14:06:21,510 - INFO - Died
2024-03-01 14:06:30,437 - INFO - Revived
2024-03-01 14:06:30,857 - INFO - Moving to monster
2024-03-01 14:06:40,742 - INFO - Moving to monster
2024-03-01 14:06:52,806 - INFO - Died
2024-03-01 14:07:01,567 - INFO - Revived
2024-03-01 14:07:01,979 - INFO - Moving to monster
2024-03-01 14:07:13,176 - INFO - Died
2024-03-01 14:07:22,511 - INFO - Revived
2024-03-01 14:07:22,914 - INFO - Moving to monster
2024-03-01 14:07:32,520 - INFO - Died
2024-03-01 14:07:42,375 - INFO - Revived
2024-03-01 14:07:42,792 - INFO - Moving to monster
2024-03-01 14:07:55,373 - INFO - Moving to monster
2024-03-01 14:08:10,405 - INFO - Moving to boss
2024-03-01 14:08:26,886 - INFO - Moving to portal
2024-03-01 14:08:31,383 - INFO - Floor 3
2024-03-01 14:08:51,392 - INFO - Moving to tower
2024-03-01 14:09:14,849 - INFO - Moving to tower
2024-03-01 14:09:42,612 - INFO - Died
2024-03-01 14:09:51,707 - INFO - Revived
2024-03-01 14:10:20,743 - INFO - Moving to tower
2024-03-01 14:12:02,896 - INFO - Moving to portal
2024-03-01 14:12:06,589 - INFO - Floor 2
2024-03-01 14:12:43,046 - INFO - Healed
2024-03-01 14:12:46,871 - INFO - Healed
2024-03-01 14:12:48,768 - INFO - Healed
2024-03-01 14:12:50,603 - INFO - Died
2024-03-01 14:12:59,758 - INFO - Revived
2024-03-01 14:13:31,967 - INFO - Moving to boss
2024-03-01 14:13:52,037 - INFO - Moving to boss
2024-03-01 14:14:02,999 - INFO - Died
2024-03-01 14:14:12,237 - INFO - Revived
2024-03-01 14:14:12,564 - INFO - Moving to boss
2024-03-01 14:14:31,978 - INFO - Healed
2024-03-01 14:14:33,752 - INFO - Healed
2024-03-01 14:14:34,235 - INFO - Moving to boss
2024-03-01 14:14:44,972 - INFO - Died
2024-03-01 14:14:53,934 - INFO - Revived
2024-03-01 14:14:54,254 - INFO - Moving to boss
2024-03-01 14:15:10,505 - INFO - Died
2024-03-01 14:15:19,967 - INFO - Revived
2024-03-01 14:15:20,287 - INFO - Moving to boss
2024-03-01 14:15:43,276 - INFO - Moving to boss
2024-03-01 14:15:56,176 - INFO - Died
2024-03-01 14:16:05,103 - INFO - Revived
2024-03-01 14:16:05,418 - INFO - Moving to boss
2024-03-01 14:16:51,817 - INFO - Finished loading
2024-03-01 14:18:19,762 - INFO - Moving to portal
2024-03-01 14:18:22,711 - INFO - Floor 2
2024-03-01 14:19:26,140 - INFO - Moving to monster
2024-03-01 14:19:38,030 - INFO - Moving to monster
2024-03-01 14:19:50,410 - INFO - Healed
2024-03-01 14:19:50,993 - INFO - Moving to monster
2024-03-01 14:20:02,900 - INFO - Died
2024-03-01 14:20:11,927 - INFO - Revived
2024-03-01 14:20:12,380 - INFO - Moving to monster
2024-03-01 14:20:22,407 - INFO - Moving to monster
2024-03-01 14:20:32,930 - INFO - Moving to monster
2024-03-01 14:20:42,933 - INFO - Moving to monster
2024-03-01 14:20:52,982 - INFO - Moving to monster
2024-03-01 14:21:02,941 - INFO - Moving to monster
2024-03-01 14:21:14,610 - INFO - Died
2024-03-01 14:21:23,687 - INFO - Revived
2024-03-01 14:21:24,089 - INFO - Moving to monster
2024-03-01 14:21:33,682 - INFO - Moving to monster
2024-03-01 14:21:43,484 - INFO - Moving to monster
2024-03-01 14:21:52,945 - INFO - Moving to monster
2024-03-01 14:22:05,459 - INFO - Moving to boss
2024-03-01 14:24:09,354 - INFO - Moving to boss
2024-03-01 14:26:53,883 - INFO - Moving to monster
2024-03-01 14:27:03,617 - INFO - Moving to portal
2024-03-01 14:27:14,071 - INFO - Floor 2
2024-03-01 14:28:18,904 - INFO - Died
2024-03-01 14:28:27,758 - INFO - Revived
2024-03-01 14:28:29,754 - INFO - Moving to boss
2024-03-01 14:28:51,124 - INFO - Moving to boss
2024-03-01 14:29:11,256 - INFO - Moving to boss
2024-03-01 14:29:32,471 - INFO - Moving to boss
2024-03-01 14:29:43,534 - INFO - Healed
2024-03-01 14:29:45,369 - INFO - Healed
2024-03-01 14:29:49,607 - INFO - Healed
2024-03-01 14:29:51,436 - INFO - Healed
2024-03-01 14:29:55,583 - INFO - Died
2024-03-01 14:30:04,526 - INFO - Revived
2024-03-01 14:30:04,837 - INFO - Moving to boss
2024-03-01 14:30:28,367 - INFO - Moving to boss
2024-03-01 14:30:40,605 - INFO - Moving to portal
2024-03-01 14:30:51,486 - INFO - Floor 3
2024-03-01 14:31:20,657 - INFO - Moving to tower
2024-03-01 14:32:05,336 - INFO - Moving to tower
2024-03-01 14:32:39,993 - INFO - Moving to tower
2024-03-01 14:33:35,761 - INFO - Finished loading
2024-03-01 14:34:57,905 - INFO - Moving to portal
2024-03-01 14:35:02,872 - INFO - Floor 2
2024-03-01 14:35:48,854 - INFO - Moving to monster
2024-03-01 14:36:01,346 - INFO - Moving to monster
2024-03-01 14:36:13,610 - INFO - Moving to monster
2024-03-01 14:36:23,479 - INFO - Moving to monster
2024-03-01 14:36:35,473 - INFO - Moving to monster
2024-03-01 14:36:48,069 - INFO - Moving to monster
2024-03-01 14:36:57,652 - INFO - Moving to monster
2024-03-01 14:37:07,303 - INFO - Moving to monster
2024-03-01 14:37:19,181 - INFO - Healed
2024-03-01 14:37:19,728 - INFO - Moving to monster
2024-03-01 14:37:29,575 - INFO - Moving to monster
2024-03-01 14:37:39,058 - INFO - Died
2024-03-01 14:37:48,324 - INFO - Revived
2024-03-01 14:37:48,720 - INFO - Moving to monster
2024-03-01 14:37:58,653 - INFO - Moving to monster
2024-03-01 14:38:08,295 - INFO - Moving to monster
2024-03-01 14:38:18,280 - INFO - Moving to monster
2024-03-01 14:38:34,035 - INFO - Moving to boss
2024-03-01 14:46:36,722 - INFO - Moving to portal
2024-03-01 14:46:40,648 - INFO - Floor 2
2024-03-01 14:48:25,680 - INFO - Moving to boss
2024-03-01 14:50:14,808 - INFO - Moving to monster
2024-03-01 14:50:24,764 - INFO - Moving to monster
2024-03-01 14:50:34,930 - INFO - Moving to monster
2024-03-01 14:50:45,195 - INFO - Moving to monster
2024-03-01 14:50:54,905 - INFO - Moving to monster
2024-03-01 14:51:04,758 - INFO - Moving to monster
2024-03-01 14:51:14,859 - INFO - Moving to monster
2024-03-01 14:51:24,894 - INFO - Moving to monster
2024-03-01 14:51:34,779 - INFO - Moving to monster
2024-03-01 14:51:44,239 - INFO - Moving to monster
2024-03-01 14:52:29,601 - INFO - Finished loading
2024-03-01 14:53:49,126 - INFO - Moving to portal
2024-03-01 14:53:53,985 - INFO - Floor 2
2024-03-01 14:54:38,224 - INFO - Moving to monster
2024-03-01 14:54:54,555 - INFO - Healed
2024-03-01 14:54:58,370 - INFO - Died
2024-03-01 14:55:07,651 - INFO - Revived
2024-03-01 14:55:21,907 - INFO - Moving to monster
2024-03-01 14:55:31,976 - INFO - Moving to boss
2024-03-01 14:55:52,432 - INFO - Moving to boss
2024-03-01 14:56:03,509 - INFO - Died
2024-03-01 14:56:12,622 - INFO - Revived
2024-03-01 14:56:12,955 - INFO - Moving to boss
2024-03-01 14:56:24,147 - INFO - Died
2024-03-01 14:56:33,567 - INFO - Revived
2024-03-01 14:56:33,912 - INFO - Moving to boss
2024-03-01 14:56:48,471 - INFO - Died
2024-03-01 14:56:57,358 - INFO - Revived
2024-03-01 14:56:57,668 - INFO - Moving to boss
2024-03-01 14:57:18,078 - INFO - Moving to boss
2024-03-01 14:57:29,133 - INFO - Died
2024-03-01 14:57:38,271 - INFO - Revived
2024-03-01 14:57:38,600 - INFO - Moving to boss
2024-03-01 14:57:57,519 - INFO - Healed
2024-03-01 14:57:57,993 - WARNING - Acidentally entered portal
2024-03-01 14:57:57,993 - INFO - Floor 2
2024-03-01 14:58:35,585 - INFO - Moving to tower
2024-03-01 14:59:20,680 - INFO - Moving to tower
2024-03-01 14:59:36,679 - INFO - Died
2024-03-01 14:59:45,702 - INFO - Revived
2024-03-01 15:00:20,988 - INFO - Moving to monster
2024-03-01 15:00:31,236 - INFO - Moving to monster
2024-03-01 15:00:41,378 - INFO - Moving to monster
2024-03-01 15:00:51,520 - INFO - Moving to monster
2024-03-01 15:01:01,612 - INFO - Moving to monster
2024-03-01 15:01:11,088 - INFO - Moving to monster
2024-03-01 15:01:21,299 - INFO - Moving to monster
2024-03-01 15:01:30,780 - INFO - Moving to monster
2024-03-01 15:01:40,457 - INFO - Moving to monster
2024-03-01 15:01:50,774 - INFO - Moving to monster
2024-03-01 15:02:00,417 - INFO - Moving to monster
2024-03-01 15:02:12,813 - INFO - Moving to monster
2024-03-01 15:02:22,449 - INFO - Moving to monster
2024-03-01 15:02:31,990 - INFO - Moving to monster
2024-03-01 15:02:42,109 - INFO - Moving to monster
2024-03-01 15:03:59,667 - INFO - Moving to portal
2024-03-01 15:04:31,325 - INFO - Floor 2
2024-03-01 15:04:43,256 - INFO - Healed
2024-03-01 15:04:46,092 - INFO - Healed
2024-03-01 15:04:47,902 - INFO - Died
2024-03-01 15:04:57,246 - INFO - Revived
2024-03-01 15:05:19,661 - INFO - Died
2024-03-01 15:05:28,654 - INFO - Revived
2024-03-01 15:06:17,586 - INFO - Moving to boss
2024-03-01 15:06:31,867 - INFO - Healed
2024-03-01 15:06:33,729 - INFO - Died
2024-03-01 15:06:43,284 - INFO - Revived
2024-03-01 15:06:45,274 - INFO - Moving to boss
2024-03-01 15:06:56,528 - INFO - Died
2024-03-01 15:07:05,889 - INFO - Revived
2024-03-01 15:07:06,201 - INFO - Moving to boss
2024-03-01 15:07:17,392 - INFO - Died
2024-03-01 15:07:26,218 - INFO - Revived
2024-03-01 15:07:30,243 - INFO - Moving to boss
2024-03-01 15:07:46,076 - INFO - Died
2024-03-01 15:07:55,696 - INFO - Revived
2024-03-01 15:07:56,024 - INFO - Moving to boss
2024-03-01 15:08:06,810 - INFO - Died
2024-03-01 15:08:19,617 - INFO - Revived
2024-03-01 15:08:19,929 - INFO - Moving to boss
2024-03-02 17:40:38,874 - INFO - Healed
2024-03-02 17:40:39,308 - INFO - Moving to portal
2024-03-02 17:40:59,549 - INFO - Moving to portal
2024-03-02 17:41:19,664 - INFO - Moving to portal
2024-03-02 18:04:43,191 - INFO - Moving to monster
2024-03-02 18:04:53,657 - INFO - Moving to monster
2024-03-02 18:05:05,281 - INFO - Moving to monster
2024-03-02 18:05:16,728 - INFO - Moving to portal
2024-03-02 18:05:21,537 - INFO - Floor 2
2024-03-02 18:06:25,724 - INFO - Healed
2024-03-02 18:06:28,125 - INFO - Healed
2024-03-02 18:06:30,044 - INFO - Healed
2024-03-02 18:06:34,169 - INFO - Moving to boss
2024-03-02 18:06:47,845 - INFO - Died
2024-03-02 18:06:57,230 - INFO - Revived
2024-03-02 18:06:57,617 - INFO - Moving to boss
2024-03-02 18:07:17,629 - INFO - Moving to boss
2024-03-02 18:07:29,541 - INFO - Moving to portal
2024-03-02 18:07:43,059 - INFO - Floor 3
2024-03-02 18:08:01,867 - INFO - Moving to tower
2024-03-02 18:08:46,402 - INFO - Moving to monster
2024-03-02 18:08:56,410 - INFO - Moving to monster
2024-03-02 18:09:06,497 - INFO - Moving to monster
2024-03-02 18:09:18,517 - INFO - Moving to tower
2024-03-02 18:10:01,656 - INFO - Moving to tower
2024-03-02 18:17:31,113 - INFO - Moving to monster
2024-03-02 18:18:46,558 - INFO - Moving to monster
2024-03-02 18:20:20,822 - INFO - Moving to monster
2024-03-02 18:20:36,362 - INFO - Moving to monster
2024-03-02 18:20:40,294 - INFO - Moving to monster
2024-03-02 18:21:54,307 - INFO - Moving to monster
2024-03-02 18:21:59,170 - INFO - Moving to monster
2024-03-02 18:22:02,476 - INFO - Moving to monster
2024-03-02 18:26:00,782 - INFO - Moving to monster
2024-03-02 18:35:33,989 - INFO - Moving to portal
2024-03-02 18:35:37,444 - INFO - Floor 2
2024-03-02 18:36:01,540 - INFO - Healed
2024-03-02 18:36:04,072 - INFO - Died
2024-03-02 18:36:12,971 - INFO - Revived
2024-03-02 18:36:41,168 - INFO - Moving to boss
2024-03-02 18:37:00,319 - INFO - Died
2024-03-02 18:37:09,159 - INFO - Revived
2024-03-02 18:37:09,547 - INFO - Moving to boss
2024-03-02 18:37:20,209 - INFO - Healed
2024-03-02 18:37:22,018 - INFO - Healed
2024-03-02 18:37:24,283 - INFO - Died
2024-03-02 18:37:33,891 - INFO - Revived
2024-03-02 18:37:34,319 - INFO - Moving to boss
2024-03-02 18:37:55,982 - INFO - Moving to boss
2024-03-02 18:38:03,550 - INFO - Healed
2024-03-02 18:38:05,357 - INFO - Died
2024-03-02 18:38:14,887 - INFO - Revived
2024-03-02 18:38:17,092 - INFO - Moving to boss
2024-03-02 18:38:38,085 - INFO - Moving to boss
2024-03-02 18:38:45,490 - INFO - Healed
2024-03-02 18:38:47,802 - INFO - Died
2024-03-02 18:38:57,319 - INFO - Revived
2024-03-02 18:38:59,457 - INFO - Moving to boss
2024-03-02 18:39:38,673 - INFO - Died
2024-03-02 18:39:47,510 - INFO - Revived
2024-03-02 18:39:47,898 - INFO - Moving to boss
2024-03-02 18:41:31,211 - INFO - Finished loading
2024-03-02 18:43:03,518 - INFO - Moving to portal
2024-03-02 18:43:06,955 - INFO - Floor 2
2024-03-02 18:44:00,715 - INFO - Healed
2024-03-02 18:44:02,656 - INFO - Healed
2024-03-02 18:44:04,590 - INFO - Healed
2024-03-02 18:44:06,544 - INFO - Healed
2024-03-02 18:44:08,973 - INFO - Died
2024-03-02 18:44:18,755 - INFO - Revived
2024-03-02 18:44:47,191 - INFO - Moving to boss
2024-03-02 18:45:07,885 - INFO - Moving to boss
2024-03-02 18:45:28,133 - INFO - Moving to boss
2024-03-02 18:45:48,222 - INFO - Moving to boss
2024-03-02 18:46:08,783 - INFO - Moving to boss
2024-03-02 18:46:15,994 - INFO - Healed
2024-03-02 18:46:19,071 - INFO - Healed
2024-03-02 18:46:22,218 - INFO - Healed
2024-03-02 18:46:24,137 - INFO - Died
2024-03-02 18:46:33,613 - INFO - Revived
2024-03-02 18:46:34,006 - INFO - Moving to boss
2024-03-02 18:46:54,399 - INFO - Moving to portal
2024-03-02 18:46:58,509 - INFO - Floor 3
2024-03-02 18:47:21,126 - INFO - Moving to tower
2024-03-02 18:47:48,902 - INFO - Moving to tower
2024-03-02 18:48:34,380 - INFO - Moving to monster
2024-03-02 18:48:57,292 - INFO - Moving to tower
2024-03-02 18:49:35,921 - INFO - Healed
2024-03-02 18:49:37,837 - INFO - Died
2024-03-02 18:49:46,526 - INFO - Revived
2024-03-02 18:49:50,136 - INFO - Moving to tower
2024-03-02 18:51:34,914 - INFO - Moving to portal
2024-03-02 18:51:39,758 - INFO - Floor 2
2024-03-02 18:52:09,596 - INFO - Healed
2024-03-02 18:52:14,370 - INFO - Died
2024-03-02 18:52:23,120 - INFO - Revived
2024-03-02 18:52:51,685 - INFO - Moving to boss
2024-03-02 18:53:12,103 - INFO - Moving to boss
2024-03-02 18:53:33,527 - INFO - Moving to boss
2024-03-02 18:53:41,641 - INFO - Died
2024-03-02 18:53:51,486 - INFO - Revived
2024-03-02 18:53:53,693 - INFO - Moving to boss
2024-03-02 18:54:16,310 - INFO - Moving to boss
2024-03-02 18:54:36,695 - INFO - Moving to boss
2024-03-02 18:54:58,131 - INFO - Moving to boss
2024-03-02 18:55:21,186 - INFO - Moving to boss
2024-03-02 18:55:42,653 - INFO - Moving to boss
2024-03-02 18:55:50,087 - INFO - Healed
2024-03-02 18:55:51,960 - INFO - Died
2024-03-02 18:56:00,881 - INFO - Revived
2024-03-02 18:56:03,034 - INFO - Moving to boss
2024-03-02 18:56:53,370 - INFO - Finished loading
2024-03-02 18:58:10,249 - INFO - Moving to portal
2024-03-02 18:58:20,810 - INFO - Floor 2
2024-03-02 18:59:07,946 - INFO - Healed
2024-03-02 18:59:09,913 - INFO - Died
2024-03-02 18:59:18,758 - INFO - Revived
2024-03-02 18:59:30,273 - INFO - Moving to boss
2024-03-02 18:59:52,289 - INFO - Moving to boss
2024-03-02 18:59:59,512 - INFO - Died
2024-03-02 19:00:08,428 - INFO - Revived
2024-03-02 19:00:12,588 - INFO - Moving to boss
2024-03-02 19:00:34,228 - INFO - Moving to boss
2024-03-02 19:00:43,477 - INFO - Died
2024-03-02 19:00:52,106 - INFO - Revived
2024-03-02 19:00:55,994 - INFO - Moving to boss
2024-03-02 19:01:16,950 - INFO - Moving to boss
2024-03-02 19:01:38,655 - INFO - Moving to boss
2024-03-02 19:01:48,606 - INFO - Died
2024-03-02 19:01:57,680 - INFO - Revived
2024-03-02 19:02:02,310 - INFO - Moving to boss
2024-03-02 19:02:23,215 - INFO - Moving to boss
2024-03-02 19:03:12,075 - INFO - Healed
2024-03-02 19:03:13,831 - INFO - Healed
2024-03-02 19:03:15,599 - INFO - Healed
2024-03-02 19:03:17,445 - INFO - Healed
2024-03-02 19:03:54,810 - INFO - Finished loading
2024-03-02 20:06:52,218 - INFO - Moving to portal
2024-03-02 20:07:04,975 - INFO - Floor 2
2024-03-02 20:07:55,027 - INFO - Moving to boss
2024-03-02 20:08:13,480 - INFO - Healed
2024-03-02 20:08:15,416 - INFO - Healed
2024-03-02 20:08:15,978 - INFO - Moving to boss
2024-03-02 20:08:23,031 - INFO - Died
2024-03-02 20:08:32,163 - INFO - Revived
2024-03-02 20:08:36,051 - INFO - Moving to boss
2024-03-04 22:08:19,992 - INFO - Moving to portal
2024-03-04 22:08:23,788 - INFO - Floor 2
2024-03-04 22:09:37,404 - INFO - Moving to boss
2024-03-04 22:09:50,688 - INFO - Moving to portal
2024-03-04 22:10:17,731 - INFO - Moving to portal
2024-03-04 22:10:19,636 - INFO - Floor 3
2024-03-04 22:11:06,335 - INFO - Moving to tower
2024-03-04 22:11:29,238 - INFO - Moving to boss
2024-03-04 22:13:57,140 - INFO - Healed
2024-03-04 22:16:06,169 - INFO - Moving to portal
2024-03-04 22:16:10,417 - INFO - Floor 2
2024-03-04 22:16:28,779 - INFO - Moving to boss
2024-03-04 22:17:14,130 - INFO - Moving to boss
2024-03-04 22:17:25,652 - INFO - Died
2024-03-04 22:17:35,112 - INFO - Revived
2024-03-04 22:17:35,435 - INFO - Moving to boss
2024-03-04 22:17:56,653 - INFO - Moving to portal
2024-03-04 22:18:10,734 - INFO - Floor 3
2024-03-04 22:18:46,408 - INFO - Moving to tower
2024-03-04 22:19:36,094 - INFO - Healed
2024-03-04 22:19:45,224 - INFO - Moving to monster
2024-03-04 22:20:09,164 - INFO - Moving to tower
2024-03-04 22:20:50,257 - INFO - Healed
2024-03-04 22:21:02,586 - INFO - Healed
2024-03-04 22:21:06,741 - INFO - Died
2024-03-04 22:21:16,595 - INFO - Revived
2024-03-04 22:21:16,762 - INFO - Moving to tower
2024-03-04 22:21:42,972 - INFO - Moving to tower
2024-03-04 22:22:51,305 - INFO - Finished loading
2024-03-04 22:24:22,312 - INFO - Moving to portal
2024-03-04 22:57:53,403 - INFO - Floor 2
2024-03-04 22:59:37,836 - INFO - Moving to portal
2024-03-04 22:59:39,816 - INFO - Floor 2
2024-03-04 23:00:28,573 - INFO - Moving to boss
2024-03-04 23:00:45,497 - INFO - Healed
2024-03-04 23:00:47,374 - INFO - Healed
2024-03-04 23:00:49,110 - INFO - Died
2024-03-04 23:00:58,473 - INFO - Revived
2024-03-04 23:00:58,793 - INFO - Moving to boss
2024-03-04 23:01:20,281 - INFO - Moving to boss
2024-03-04 23:01:27,322 - INFO - Healed
2024-03-04 23:01:37,419 - INFO - Moving to portal
2024-03-04 23:01:39,208 - INFO - Floor 3
2024-03-04 23:02:17,514 - INFO - Moving to tower
2024-03-04 23:02:43,714 - INFO - Died
2024-03-04 23:02:53,286 - INFO - Revived
2024-03-04 23:03:15,639 - INFO - Moving to tower
2024-03-04 23:03:45,133 - INFO - Moving to tower
2024-03-04 23:04:35,960 - INFO - Finished loading
2024-03-04 23:05:50,576 - INFO - Moving to boss
2024-03-04 23:06:00,233 - INFO - Moving to portal
2024-03-04 23:06:03,088 - INFO - Floor 3
2024-03-04 23:07:03,064 - INFO - Moving to boss
2024-03-04 23:07:23,267 - INFO - Moving to boss
2024-03-04 23:07:30,291 - INFO - Healed
2024-03-04 23:07:32,045 - INFO - Died
2024-03-04 23:07:41,180 - INFO - Revived
2024-03-04 23:07:44,720 - INFO - Moving to boss
2024-03-04 23:08:04,732 - INFO - Moving to boss
2024-03-04 23:08:22,588 - INFO - Moving to portal
2024-03-04 23:08:25,050 - INFO - Floor 3
2024-03-04 23:08:46,760 - INFO - Moving to tower
2024-03-04 23:09:06,880 - INFO - Moving to tower
2024-03-04 23:09:36,726 - INFO - Moving to tower
2024-03-04 23:10:10,872 - INFO - Healed
2024-03-04 23:10:12,674 - INFO - Healed
2024-03-04 23:10:14,384 - INFO - Healed
2024-03-04 23:10:16,169 - INFO - Healed
2024-03-04 23:10:17,971 - INFO - Healed
2024-03-04 23:10:19,765 - INFO - Healed
2024-03-04 23:10:46,057 - INFO - Healed
2024-03-04 23:10:47,842 - INFO - Healed
2024-03-04 23:10:49,568 - INFO - Healed
2024-03-04 23:10:51,420 - INFO - Healed
2024-03-04 23:10:53,197 - INFO - Healed
2024-03-04 23:10:57,401 - INFO - Healed
2024-03-04 23:11:01,147 - INFO - Healed
2024-03-04 23:11:02,881 - INFO - Healed
2024-03-04 23:11:03,227 - INFO - Moving to tower
2024-03-04 23:11:23,776 - INFO - Healed
2024-03-04 23:11:25,570 - INFO - Healed
2024-03-04 23:12:57,806 - INFO - Moving to portal
2024-03-04 23:13:06,066 - INFO - Floor 2
2024-03-04 23:13:43,131 - INFO - Died
2024-03-04 23:13:51,791 - INFO - Revived
2024-03-04 23:14:41,793 - INFO - Moving to boss
2024-03-04 23:14:59,937 - INFO - Healed
2024-03-04 23:15:02,024 - INFO - Moving to boss
2024-03-04 23:15:09,556 - INFO - Died
2024-03-04 23:15:19,142 - INFO - Revived
2024-03-04 23:15:22,832 - INFO - Moving to boss
2024-03-04 23:15:44,355 - INFO - Moving to boss
2024-03-04 23:16:04,532 - INFO - Moving to boss
2024-03-04 23:16:13,584 - INFO - Healed
2024-03-04 23:16:15,386 - INFO - Healed
2024-03-04 23:16:17,254 - INFO - Healed
2024-03-04 23:16:22,601 - INFO - Died
2024-03-04 23:16:31,513 - INFO - Revived
2024-03-04 23:16:31,833 - INFO - Moving to boss
2024-03-04 23:16:52,146 - INFO - Moving to boss
2024-03-04 23:17:01,344 - INFO - Moving to portal
2024-03-04 23:17:03,332 - INFO - Floor 3
2024-03-04 23:17:35,842 - INFO - Moving to tower
2024-03-04 23:18:24,214 - INFO - Moving to tower
2024-03-04 23:19:29,045 - INFO - Moving to monster
2024-03-04 23:19:38,788 - INFO - Moving to monster
2024-03-04 23:19:48,857 - INFO - Moving to monster
2024-03-04 23:20:46,483 - INFO - Finished loading
2024-03-04 23:21:53,363 - INFO - Moving to portal
2024-03-04 23:22:02,238 - INFO - Floor 2
2024-03-04 23:23:51,845 - INFO - Moving to boss
2024-03-04 23:24:13,007 - INFO - Moving to boss
2024-03-04 23:24:28,112 - INFO - Moving to portal
2024-03-04 23:24:41,150 - INFO - Floor 3
2024-03-04 23:24:58,462 - INFO - Healed
2024-03-04 23:25:00,213 - INFO - Healed
2024-03-04 23:25:03,942 - INFO - Healed
2024-03-04 23:25:05,752 - INFO - Healed
2024-03-04 23:25:07,470 - INFO - Healed
2024-03-04 23:25:09,247 - INFO - Healed
2024-03-04 23:25:10,998 - INFO - Healed
2024-03-04 23:25:15,211 - INFO - Healed
2024-03-04 23:25:17,021 - INFO - Healed
2024-03-04 23:25:19,414 - INFO - Healed
2024-03-04 23:25:21,166 - INFO - Healed
2024-03-04 23:25:22,918 - INFO - Healed
2024-03-04 23:25:24,720 - INFO - Healed
2024-03-04 23:25:26,539 - INFO - Healed
2024-03-04 23:25:26,842 - INFO - Moving to tower
2024-03-04 23:25:37,808 - INFO - Healed
2024-03-04 23:25:39,585 - INFO - Died
2024-03-04 23:25:48,688 - INFO - Revived
2024-03-04 23:26:12,047 - INFO - Moving to tower
2024-03-04 23:26:36,285 - INFO - Moving to tower
2024-03-04 23:27:00,833 - INFO - Moving to tower
2024-03-04 23:27:38,014 - INFO - Moving to monster
2024-03-04 23:27:48,247 - INFO - Moving to monster
2024-03-04 23:27:57,999 - INFO - Moving to monster
2024-03-04 23:28:07,875 - INFO - Moving to monster
2024-03-04 23:28:17,644 - INFO - Moving to monster
2024-03-04 23:28:29,873 - INFO - Moving to monster
2024-03-04 23:28:39,822 - INFO - Moving to monster
2024-03-04 23:30:08,217 - INFO - Moving to portal
2024-03-04 23:30:10,629 - INFO - Floor 2
2024-03-04 23:31:02,014 - INFO - Moving to boss
2024-03-04 23:31:09,694 - INFO - Moving to portal
2024-03-04 23:31:12,600 - INFO - Floor 3
2024-03-04 23:31:35,025 - INFO - Moving to tower
2024-03-04 23:32:06,598 - INFO - Moving to tower
2024-03-04 23:32:39,655 - INFO - Moving to tower
2024-03-04 23:32:59,680 - INFO - Healed
2024-03-04 23:33:01,498 - INFO - Healed
2024-03-04 23:33:03,300 - INFO - Healed
2024-03-04 23:33:05,036 - INFO - Died
2024-03-04 23:33:13,572 - INFO - Revived
2024-03-04 23:34:02,937 - INFO - Finished loading
2024-03-04 23:34:49,061 - INFO - Moving to boss
2024-03-04 23:35:08,026 - INFO - Moving to portal
2024-03-04 23:35:11,338 - INFO - Floor 3
2024-03-04 23:36:11,931 - INFO - Moving to boss
2024-03-04 23:36:32,369 - INFO - Moving to boss
2024-03-04 23:36:47,335 - INFO - Healed
2024-03-04 23:36:47,706 - INFO - Moving to portal
2024-03-04 23:36:51,061 - INFO - Floor 3
2024-03-04 23:37:07,813 - INFO - Died
2024-03-04 23:37:16,883 - INFO - Revived
2024-03-04 23:37:27,510 - INFO - Moving to tower
2024-03-04 23:38:11,805 - INFO - Moving to monster
2024-03-04 23:38:41,407 - INFO - Moving to tower
2024-03-04 23:39:25,025 - INFO - Moving to tower
2024-03-04 23:41:10,094 - INFO - Moving to portal
2024-03-04 23:43:19,121 - INFO - Floor 2
2024-03-04 23:44:08,163 - INFO - Healed
2024-03-04 23:44:09,957 - INFO - Died
2024-03-04 23:44:18,986 - INFO - Revived
2024-03-04 23:44:43,429 - INFO - Moving to boss
2024-03-04 23:45:03,733 - INFO - Moving to boss
2024-03-04 23:45:24,404 - INFO - Healed
2024-03-04 23:45:24,886 - INFO - Moving to boss
2024-03-04 23:45:34,694 - INFO - Moving to portal
2024-03-04 23:45:46,890 - INFO - Floor 3
2024-03-04 23:46:12,229 - INFO - Moving to tower
2024-03-04 23:46:48,569 - INFO - Healed
2024-03-04 23:46:50,822 - INFO - Died
2024-03-04 23:46:59,752 - INFO - Revived
2024-03-04 23:47:14,122 - INFO - Moving to tower
2024-03-04 23:48:04,027 - INFO - Healed
2024-03-04 23:48:05,869 - INFO - Healed
2024-03-04 23:48:06,172 - INFO - Moving to tower
2024-03-04 23:48:16,938 - INFO - Healed
2024-03-05 23:01:50,106 - INFO - Moving to portal
2024-03-05 23:01:53,147 - INFO - Floor 2
2024-03-05 23:03:10,299 - INFO - Moving to boss
2024-03-05 23:03:23,542 - INFO - Healed
2024-03-05 23:03:25,500 - INFO - Healed
2024-03-05 23:03:29,149 - INFO - Healed
2024-03-05 23:03:33,337 - INFO - Moving to boss
2024-03-05 23:03:40,866 - INFO - Healed
2024-03-05 23:03:47,167 - INFO - Moving to portal
2024-03-05 23:03:49,881 - INFO - Floor 3
2024-03-05 23:04:16,189 - INFO - Moving to tower
2024-03-05 23:04:31,584 - INFO - Healed
2024-03-05 23:04:35,426 - INFO - Healed
2024-03-05 23:04:39,247 - INFO - Healed
2024-03-05 23:04:43,551 - INFO - Healed
2024-03-05 23:04:47,872 - INFO - Healed
2024-03-05 23:04:49,674 - INFO - Healed
2024-03-05 23:04:59,648 - INFO - Moving to tower
2024-03-05 23:05:38,792 - INFO - Healed
2024-03-05 23:05:42,666 - INFO - Healed
2024-03-05 23:05:48,126 - INFO - Moving to tower
2024-03-05 23:07:00,828 - INFO - Moving to boss
2024-03-05 23:07:18,017 - INFO - Moving to portal
2024-03-05 23:07:21,841 - INFO - Floor 3
2024-03-05 23:08:11,965 - INFO - Moving to boss
2024-03-05 23:08:32,335 - INFO - Moving to boss
2024-03-05 23:08:41,415 - INFO - Healed
2024-03-05 23:08:43,383 - INFO - Healed
2024-03-05 23:08:53,455 - INFO - Moving to boss
2024-03-05 23:09:00,385 - INFO - Healed
2024-03-05 23:09:02,297 - INFO - Healed
2024-03-05 23:09:06,658 - INFO - Healed
2024-03-05 23:09:08,576 - INFO - Healed
2024-03-05 23:09:12,412 - INFO - Healed
2024-03-05 23:09:16,694 - INFO - Healed
2024-03-05 23:09:17,231 - INFO - Moving to boss
2024-03-05 23:09:36,001 - INFO - Moving to portal
2024-03-05 23:09:38,506 - INFO - Floor 3
2024-03-05 23:10:02,252 - INFO - Healed
2024-03-05 23:10:02,602 - INFO - Moving to tower
2024-03-05 23:10:55,578 - INFO - Moving to tower
2024-03-05 23:11:08,692 - INFO - Healed
2024-03-05 23:11:23,943 - INFO - Healed
2024-03-05 23:11:28,202 - INFO - Healed
2024-03-05 23:11:28,540 - INFO - Moving to tower
2024-03-05 23:11:41,296 - INFO - Healed
2024-03-05 23:11:45,119 - INFO - Healed
2024-03-05 23:11:46,948 - INFO - Healed
2024-03-05 23:12:25,516 - INFO - Finished loading
2024-03-06 00:01:49,571 - INFO - Moving to portal
2024-03-06 00:01:51,623 - INFO - Floor 2
2024-03-06 00:03:03,560 - INFO - Healed
2024-03-06 00:03:05,461 - INFO - Healed
2024-03-06 00:03:07,330 - INFO - Healed
2024-03-06 00:03:07,857 - INFO - Moving to boss
2024-03-06 00:03:18,968 - INFO - Died
2024-03-06 00:03:27,846 - INFO - Revived
2024-03-06 00:03:28,227 - INFO - Moving to boss
2024-03-06 00:03:52,443 - INFO - Moving to boss
2024-03-06 00:04:13,463 - INFO - Moving to boss
2024-03-06 00:04:33,312 - INFO - Moving to portal
2024-03-06 00:09:48,043 - INFO - Moving to portal
2024-03-06 00:09:56,528 - INFO - Floor 2
2024-03-06 00:10:39,771 - INFO - Healed
2024-03-06 00:10:41,631 - INFO - Died
2024-03-06 00:10:50,628 - INFO - Revived
2024-03-06 00:11:43,876 - INFO - Moving to boss
2024-03-06 00:11:55,434 - INFO - Moving to portal
2024-03-06 00:12:15,591 - INFO - Died
2024-03-06 00:12:25,431 - INFO - Revived
2024-03-06 00:12:25,629 - INFO - Moving to portal
2024-03-06 00:12:33,420 - INFO - Floor 3
2024-03-06 00:12:53,588 - INFO - Moving to tower
2024-03-06 00:13:20,281 - INFO - Moving to tower
2024-03-06 00:18:27,149 - INFO - Finished loading
2024-03-06 00:19:46,391 - INFO - Moving to portal
2024-03-06 00:19:51,352 - INFO - Floor 2
2024-03-06 00:20:22,654 - INFO - Healed
2024-03-06 00:20:25,023 - INFO - Healed
2024-03-06 00:20:25,568 - INFO - Moving to boss
2024-03-06 00:20:32,956 - INFO - Died
2024-03-06 00:20:42,319 - INFO - Revived
2024-03-06 00:20:56,749 - INFO - Moving to boss
2024-03-06 00:21:12,911 - INFO - Healed
2024-03-06 00:21:14,796 - INFO - Healed
2024-03-06 00:21:16,665 - INFO - Healed
2024-03-06 00:21:17,208 - INFO - Moving to boss
2024-03-06 00:21:28,736 - INFO - Died
2024-03-06 00:21:38,543 - INFO - Revived
2024-03-06 00:21:38,929 - INFO - Moving to boss
2024-03-06 00:22:00,517 - INFO - Moving to boss
2024-03-06 00:22:10,059 - INFO - Died
2024-03-06 00:22:18,871 - INFO - Revived
2024-03-06 00:22:20,911 - INFO - Moving to boss
2024-03-06 00:22:41,914 - INFO - Moving to boss
2024-03-06 00:22:57,070 - INFO - Healed
2024-03-06 00:23:00,084 - INFO - Healed
2024-03-06 00:23:01,917 - INFO - Died
2024-03-06 00:23:11,306 - INFO - Revived
2024-03-06 00:23:11,644 - INFO - Moving to boss
2024-03-06 00:23:32,390 - INFO - Moving to boss
2024-03-06 00:23:44,174 - INFO - Healed
2024-03-06 00:23:46,009 - INFO - Healed
2024-03-06 00:23:47,870 - INFO - Died
2024-03-06 00:23:56,876 - INFO - Revived
2024-03-06 00:23:57,220 - INFO - Moving to boss
2024-03-06 00:25:20,965 - INFO - Finished loading
2024-03-06 00:26:52,756 - INFO - Moving to portal
2024-03-06 00:26:56,568 - INFO - Floor 2
2024-03-06 00:29:00,401 - INFO - Moving to boss
2024-03-06 00:29:21,411 - INFO - Healed
2024-03-06 00:29:21,926 - INFO - Moving to boss
2024-03-06 00:29:35,574 - INFO - Healed
2024-03-06 00:29:37,526 - INFO - Healed
2024-03-06 00:29:41,380 - INFO - Healed
2024-03-06 00:29:45,684 - INFO - Healed
2024-03-06 00:29:46,284 - INFO - Moving to boss
2024-03-06 00:29:53,134 - INFO - Died
2024-03-06 00:30:02,806 - INFO - Revived
2024-03-06 00:30:06,562 - INFO - Moving to boss
2024-03-06 00:30:27,375 - INFO - Moving to boss
2024-03-06 00:30:47,436 - INFO - Moving to boss
2024-03-06 00:31:10,515 - INFO - Moving to boss
2024-03-06 00:31:31,252 - INFO - Moving to boss
2024-03-06 00:32:15,059 - INFO - Died
2024-03-06 00:32:24,069 - INFO - Revived
2024-03-06 00:35:15,467 - INFO - Finished loading
2024-03-06 00:36:42,587 - INFO - Moving to portal
2024-03-06 00:36:45,733 - INFO - Floor 2
2024-03-06 00:37:38,477 - INFO - Healed
2024-03-06 00:37:42,781 - INFO - Healed
2024-03-06 00:37:46,668 - INFO - Healed
2024-03-06 00:37:48,570 - INFO - Healed
2024-03-06 00:37:52,384 - INFO - Died
2024-03-06 00:38:01,745 - INFO - Revived
2024-03-06 00:38:24,548 - INFO - Moving to boss
2024-03-06 00:38:45,494 - INFO - Moving to boss
2024-03-06 00:38:56,361 - INFO - Healed
2024-03-06 00:39:00,665 - INFO - Healed
2024-03-06 00:39:02,585 - INFO - Healed
2024-03-06 00:39:06,938 - INFO - Died
2024-03-06 00:39:16,745 - INFO - Revived
2024-03-06 00:39:28,227 - INFO - Moving to boss
2024-03-06 00:39:49,046 - INFO - Moving to boss
2024-03-06 00:40:09,582 - INFO - Moving to boss
2024-03-06 00:40:22,926 - INFO - Moving to portal
2024-03-06 00:40:48,960 - INFO - Moving to portal
2024-03-06 00:40:58,628 - INFO - Floor 3
2024-03-06 00:41:20,766 - INFO - Moving to tower
2024-03-06 00:42:32,252 - INFO - Moving to monster
2024-03-06 00:42:45,717 - INFO - Healed
2024-03-06 00:42:47,503 - INFO - Healed
2024-03-06 00:42:51,306 - INFO - Healed
2024-03-06 00:42:53,074 - INFO - Healed
2024-03-06 00:42:56,828 - INFO - Healed
2024-03-06 00:42:57,159 - INFO - Moving to tower
2024-03-06 00:43:18,275 - INFO - Died
2024-03-06 00:43:27,135 - INFO - Revived
2024-03-06 00:43:30,690 - INFO - Moving to tower
2024-03-06 00:44:38,883 - INFO - Moving to monster
2024-03-06 00:44:51,189 - INFO - Moving to monster
2024-03-06 00:45:09,154 - INFO - Moving to tower
2024-03-06 00:47:04,868 - INFO - Moving to portal
2024-03-06 00:47:07,321 - INFO - Floor 2
2024-03-06 00:48:28,493 - INFO - Moving to boss
2024-03-06 00:48:37,727 - INFO - Moving to boss
2024-03-06 00:48:48,995 - INFO - Healed
2024-03-06 00:48:50,930 - INFO - Healed
2024-03-06 00:48:52,832 - INFO - Healed
2024-03-06 00:48:57,165 - INFO - Died
2024-03-06 00:49:06,251 - INFO - Revived
2024-03-06 00:49:06,639 - INFO - Moving to boss
2024-03-06 00:49:28,193 - INFO - Moving to boss
2024-03-06 00:49:50,975 - INFO - Moving to boss
2024-03-06 00:50:02,905 - INFO - Moving to portal
2024-03-06 00:50:06,344 - INFO - Floor 3
2024-03-06 00:50:33,652 - INFO - Moving to tower
2024-03-06 00:51:00,523 - INFO - Healed
2024-03-06 00:51:06,055 - INFO - Healed
2024-03-06 00:51:07,874 - INFO - Died
2024-03-06 00:51:17,276 - INFO - Revived
2024-03-06 00:51:24,411 - INFO - Moving to tower
2024-03-06 00:52:07,394 - INFO - Moving to tower
2024-03-06 00:53:07,034 - INFO - Finished loading
2024-03-06 01:19:01,422 - INFO - Moving to portal
2024-03-06 01:19:02,341 - INFO - Floor 2
2024-03-06 01:19:47,236 - INFO - Moving to boss
2024-03-06 01:20:03,739 - INFO - Healed
2024-03-06 01:20:05,630 - INFO - Healed
2024-03-06 01:20:07,532 - INFO - Healed
2024-03-06 01:20:08,059 - INFO - Moving to boss
2024-03-06 01:20:15,599 - INFO - Died
2024-03-06 01:20:24,662 - INFO - Revived
2024-03-06 01:20:28,412 - INFO - Moving to boss
2024-03-06 01:20:35,632 - INFO - Moving to portal
2024-03-06 01:20:40,062 - INFO - Floor 3
2024-03-06 01:21:10,531 - INFO - Moving to tower
2024-03-06 01:21:52,719 - INFO - Healed
2024-03-06 01:21:53,057 - INFO - Moving to tower
2024-03-06 01:22:13,598 - INFO - Died
2024-03-06 01:22:22,153 - INFO - Revived
2024-03-06 01:23:32,766 - INFO - Finished loading
2024-03-07 19:46:54,665 - INFO - Moving to portal
2024-03-07 19:46:57,800 - INFO - Floor 2
2024-03-07 19:48:55,470 - INFO - Moving to boss
2024-03-07 19:49:10,653 - INFO - Moving to portal
2024-03-07 19:49:33,293 - INFO - Moving to portal
2024-03-07 19:49:43,204 - INFO - Floor 3
2024-03-07 19:50:21,513 - INFO - Moving to tower
2024-03-07 19:50:51,432 - INFO - Moving to tower
2024-03-07 19:53:13,181 - INFO - Moving to portal
2024-03-07 19:53:15,859 - INFO - Floor 2
2024-03-07 19:54:04,625 - INFO - Moving to boss
2024-03-07 19:54:16,277 - INFO - Healed
2024-03-07 19:54:20,189 - INFO - Healed
2024-03-07 19:54:21,999 - INFO - Healed
2024-03-07 19:54:26,328 - INFO - Healed
2024-03-07 19:54:26,854 - INFO - Moving to boss
2024-03-07 19:54:36,304 - INFO - Died
2024-03-07 19:54:45,332 - INFO - Revived
2024-03-07 19:54:47,323 - INFO - Moving to boss
2024-03-07 19:55:01,427 - INFO - Moving to portal
2024-03-07 19:55:05,506 - INFO - Floor 3
2024-03-07 19:55:24,831 - INFO - Moving to tower
2024-03-07 19:56:04,786 - INFO - Moving to tower
2024-03-07 19:56:54,861 - INFO - Moving to tower
2024-03-07 19:57:56,436 - INFO - Finished loading
2024-03-07 19:59:27,833 - INFO - Moving to portal
2024-03-07 19:59:32,085 - INFO - Floor 2
2024-03-07 20:01:15,810 - INFO - Moving to boss
2024-03-07 20:01:29,836 - INFO - Moving to portal
2024-03-07 20:01:34,310 - INFO - Floor 3
2024-03-07 20:02:09,564 - INFO - Moving to tower
2024-03-07 20:02:25,665 - INFO - Moving to tower
2024-03-07 20:02:54,850 - INFO - Moving to tower
2024-03-07 20:03:10,058 - INFO - Moving to tower
2024-03-07 20:03:58,581 - INFO - Moving to tower
2024-03-07 20:05:00,501 - INFO - Healed
2024-03-07 20:05:05,423 - INFO - Healed
2024-03-07 20:05:07,324 - INFO - Healed
2024-03-07 20:05:11,079 - INFO - Healed
2024-03-07 20:05:15,366 - INFO - Healed
2024-03-07 20:05:19,586 - INFO - Healed
2024-03-07 20:05:32,649 - INFO - Healed
2024-03-07 20:05:37,070 - INFO - Healed
2024-03-07 20:05:40,940 - INFO - Healed
2024-03-07 20:05:44,794 - INFO - Healed
2024-03-07 20:05:49,132 - INFO - Healed
2024-03-07 20:05:53,363 - INFO - Healed
2024-03-07 20:05:55,205 - INFO - Healed
2024-03-07 20:05:58,991 - INFO - Healed
2024-03-07 20:06:07,274 - INFO - Healed
2024-03-07 20:06:18,184 - INFO - Healed
2024-03-07 20:06:23,376 - INFO - Healed
2024-03-07 20:06:27,552 - INFO - Healed
2024-03-07 20:06:31,298 - INFO - Healed
2024-03-07 20:06:35,719 - INFO - Healed
2024-03-07 20:07:08,553 - INFO - Healed
2024-03-07 20:07:12,240 - INFO - Healed
2024-03-07 20:07:15,966 - INFO - Healed
2024-03-07 20:07:20,098 - INFO - Healed
2024-03-07 20:08:00,287 - INFO - Finished loading
2024-03-07 20:09:29,476 - INFO - Moving to portal
2024-03-07 20:09:35,583 - INFO - Floor 2
2024-03-07 20:12:54,552 - INFO - Moving to boss
2024-03-07 20:13:04,790 - INFO - Moving to boss
2024-03-07 20:16:22,620 - INFO - Moving to portal
2024-03-07 20:16:25,292 - INFO - Floor 2
2024-03-07 20:17:22,781 - INFO - Healed
2024-03-07 20:17:24,683 - INFO - Healed
2024-03-07 20:17:26,551 - INFO - Healed
2024-03-07 20:17:28,470 - INFO - Healed
2024-03-07 20:17:30,331 - INFO - Died
2024-03-07 20:17:39,192 - INFO - Revived
2024-03-07 20:17:39,524 - INFO - Moving to boss
2024-03-07 20:18:14,848 - INFO - Moving to portal
2024-03-07 20:18:16,238 - INFO - Floor 3
2024-03-07 20:18:39,261 - INFO - Moving to tower
2024-03-07 20:19:17,306 - INFO - Moving to tower
2024-03-07 20:19:54,831 - INFO - Healed
2024-03-07 20:19:56,645 - INFO - Died
2024-03-07 20:20:06,217 - INFO - Revived
2024-03-07 20:20:34,211 - INFO - Moving to tower
2024-03-07 20:20:52,623 - INFO - Moving to tower
2024-03-07 20:21:42,964 - INFO - Finished loading
2024-03-07 20:22:53,634 - INFO - Moving to portal
2024-03-07 20:23:19,174 - INFO - Moving to portal
2024-03-07 20:23:27,079 - INFO - Floor 2
2024-03-07 20:23:59,927 - INFO - Healed
2024-03-07 20:24:01,784 - INFO - Healed
2024-03-07 20:24:05,896 - INFO - Healed
2024-03-07 20:24:07,684 - INFO - Died
2024-03-07 20:24:16,879 - INFO - Revived
2024-03-07 20:29:25,904 - INFO - Finished loading
2024-03-07 20:30:47,961 - INFO - Moving to portal
2024-03-07 20:30:52,440 - INFO - Floor 2
2024-03-07 20:31:41,358 - INFO - Moving to boss
2024-03-07 20:31:49,102 - INFO - Moving to portal
2024-03-07 20:31:50,872 - INFO - Floor 3
2024-03-07 20:32:17,864 - INFO - Moving to tower
2024-03-07 20:32:58,311 - INFO - Healed
2024-03-07 20:33:02,518 - INFO - Healed
2024-03-07 20:33:04,260 - INFO - Died
2024-03-07 20:33:13,658 - INFO - Revived
2024-03-07 20:33:31,294 - INFO - Moving to tower
2024-03-07 20:34:57,947 - INFO - Moving to monster
2024-03-07 20:36:17,924 - INFO - Moving to portal
2024-03-07 20:36:21,494 - INFO - Floor 2
2024-03-07 20:36:51,243 - INFO - Healed
2024-03-07 20:36:55,538 - INFO - Died
2024-03-07 20:37:04,726 - INFO - Revived
2024-03-07 20:37:25,119 - INFO - Moving to boss
2024-03-07 20:37:47,807 - INFO - Healed
2024-03-07 20:37:48,323 - INFO - Moving to boss
2024-03-07 20:37:55,576 - INFO - Died
2024-03-07 20:38:05,294 - INFO - Revived
2024-03-07 20:38:08,835 - INFO - Moving to boss
2024-03-07 20:38:19,719 - INFO - Healed
2024-03-07 20:38:22,064 - INFO - Died
2024-03-07 20:38:31,708 - INFO - Revived
2024-03-07 20:38:32,041 - INFO - Moving to boss
2024-03-07 20:38:53,068 - INFO - Moving to boss
2024-03-07 20:39:05,195 - INFO - Healed
2024-03-07 20:39:09,022 - INFO - Died
2024-03-07 20:39:18,731 - INFO - Revived
2024-03-07 20:39:19,075 - INFO - Moving to boss
2024-03-07 20:39:40,616 - INFO - Moving to boss
2024-03-07 20:40:02,626 - INFO - Healed
2024-03-07 20:40:03,000 - INFO - Moving to portal
2024-03-07 20:40:06,823 - INFO - Floor 3
2024-03-07 20:40:17,968 - INFO - Healed
2024-03-07 20:40:21,746 - INFO - Healed
2024-03-07 20:40:23,597 - INFO - Healed
2024-03-07 20:40:25,377 - INFO - Died
2024-03-07 20:40:34,806 - INFO - Revived
2024-03-07 20:40:42,338 - INFO - Moving to tower
2024-03-07 20:41:18,686 - INFO - Healed
2024-03-07 20:41:20,521 - INFO - Healed
2024-03-07 20:41:24,324 - INFO - Healed
2024-03-07 20:41:27,762 - INFO - Healed
2024-03-07 20:41:29,596 - INFO - Healed
2024-03-07 20:41:31,421 - INFO - Healed
2024-03-07 20:41:31,759 - INFO - Moving to tower
2024-03-07 20:41:56,164 - INFO - Healed
2024-03-07 20:41:56,484 - INFO - Moving to tower
2024-03-07 20:42:16,600 - INFO - Healed
2024-03-07 20:42:18,419 - INFO - Healed
2024-03-07 20:42:20,310 - INFO - Healed
2024-03-07 20:42:22,078 - INFO - Healed
2024-03-07 20:42:26,221 - INFO - Died
2024-03-07 20:42:35,696 - INFO - Revived
2024-03-07 20:43:10,365 - INFO - Moving to tower
2024-03-07 20:44:16,869 - INFO - Finished loading
2024-03-07 20:45:46,027 - INFO - Moving to portal
2024-03-07 20:45:50,758 - INFO - Floor 2
2024-03-07 20:46:16,779 - INFO - Died
2024-03-07 20:46:25,540 - INFO - Revived
2024-03-07 20:47:03,555 - INFO - Healed
2024-03-07 20:47:07,803 - INFO - Died
2024-03-07 20:47:17,037 - INFO - Revived
2024-03-07 20:47:48,898 - INFO - Healed
2024-03-07 20:47:49,434 - INFO - Moving to boss
2024-03-07 20:48:05,665 - INFO - Healed
2024-03-07 20:48:07,465 - INFO - Died
2024-03-07 20:48:16,397 - INFO - Revived
2024-03-07 20:48:16,784 - INFO - Moving to boss
2024-03-07 20:48:33,116 - INFO - Died
2024-03-07 20:48:42,528 - INFO - Revived
2024-03-07 20:48:42,910 - INFO - Moving to boss
2024-03-07 20:49:04,898 - INFO - Moving to boss
2024-03-07 20:49:22,652 - INFO - Moving to portal
2024-03-07 20:49:29,978 - INFO - Floor 3
2024-03-07 20:50:02,483 - INFO - Moving to tower
2024-03-17 12:11:02,258 - INFO - Moving to portal
2024-03-17 12:11:14,228 - INFO - Floor 2
2024-03-17 12:12:03,486 - INFO - Healed
2024-03-17 12:12:05,387 - INFO - Healed
2024-03-17 12:12:38,600 - INFO - Moving to boss
2024-03-17 12:12:52,083 - INFO - Moving to portal
2024-03-17 12:12:55,924 - INFO - Floor 3
2024-03-17 12:13:21,067 - INFO - Moving to tower
2024-03-17 12:13:49,922 - INFO - Moving to tower
2024-03-17 12:14:02,568 - INFO - Moving to tower
2024-03-17 12:14:15,780 - INFO - Healed
2024-03-17 12:14:20,002 - INFO - Healed
2024-03-17 12:14:35,550 - INFO - Moving to tower
2024-03-17 12:16:01,134 - INFO - Moving to portal
2024-03-17 12:17:27,585 - INFO - Floor 3
2024-03-17 12:18:34,102 - INFO - Moving to boss
2024-03-17 12:19:02,969 - INFO - Moving to portal
2024-03-17 12:19:29,387 - INFO - Moving to portal
2024-03-17 12:19:31,858 - INFO - Floor 3
2024-03-17 12:20:17,307 - INFO - Moving to tower
2024-03-17 12:20:51,576 - INFO - Moving to boss
2024-03-17 12:24:55,915 - INFO - Finished loading
2024-03-21 22:43:49,068 - INFO - Moving to portal
2024-03-21 22:43:51,322 - INFO - Floor 2
2024-03-21 22:45:12,582 - INFO - Moving to boss
2024-03-21 22:45:19,666 - INFO - Healed
2024-03-21 22:45:22,578 - INFO - Healed
2024-03-21 22:45:24,424 - INFO - Died
2024-03-21 22:45:33,664 - INFO - Revived
2024-03-21 22:45:34,051 - INFO - Moving to boss
2024-03-21 22:46:10,873 - INFO - Moving to portal
2024-03-21 22:46:14,563 - INFO - Floor 3
2024-03-21 22:46:34,917 - INFO - Died
2024-03-21 22:46:44,077 - INFO - Revived
2024-03-21 22:46:51,618 - INFO - Moving to tower
2024-03-21 22:47:37,700 - INFO - Moving to tower
2024-03-21 22:48:07,759 - INFO - Moving to tower
2024-03-21 22:49:54,354 - INFO - Moving to portal
2024-03-21 22:50:00,531 - INFO - Floor 2
2024-03-21 22:51:14,107 - INFO - Moving to boss
2024-03-21 22:51:36,395 - INFO - Moving to portal
2024-03-21 22:52:50,851 - INFO - Floor 3
2024-03-21 22:53:14,940 - INFO - Moving to tower
2024-03-21 22:54:05,671 - INFO - Moving to tower
2024-03-21 22:55:00,903 - INFO - Moving to monster
2024-03-21 22:55:14,348 - INFO - Moving to tower
2024-03-21 22:58:24,247 - INFO - Finished loading
2024-03-21 23:00:02,878 - INFO - Moving to portal
2024-03-21 23:00:25,725 - INFO - Moving to portal
2024-03-21 23:00:27,529 - INFO - Floor 2
2024-03-21 23:01:32,524 - INFO - Moving to boss
2024-03-21 23:01:51,583 - INFO - Moving to portal
2024-03-21 23:01:55,339 - INFO - Floor 3
2024-03-21 23:02:14,524 - INFO - Died
2024-03-21 23:02:24,190 - INFO - Revived
2024-03-21 23:02:31,538 - INFO - Moving to tower
2024-03-21 23:03:28,337 - INFO - Healed
2024-03-21 23:03:28,642 - INFO - Moving to tower
2024-03-21 23:03:51,810 - INFO - Healed
2024-03-21 23:03:53,648 - INFO - Died
2024-03-21 23:04:02,795 - INFO - Revived
2024-03-21 23:04:56,805 - INFO - Moving to tower
2024-03-21 23:06:43,142 - INFO - Moving to portal
2024-03-21 23:06:46,071 - INFO - Floor 2
2024-03-21 23:07:35,016 - INFO - Died
2024-03-21 23:07:43,653 - INFO - Revived
2024-03-21 23:08:01,651 - INFO - Moving to boss
2024-03-21 23:08:24,650 - INFO - Moving to boss
2024-03-21 23:08:31,667 - INFO - Died
2024-03-21 23:08:41,580 - INFO - Revived
2024-03-21 23:08:45,422 - INFO - Moving to boss
2024-03-21 23:09:07,225 - INFO - Moving to boss
2024-03-21 23:09:16,690 - INFO - Moving to portal
2024-03-21 23:09:18,467 - INFO - Floor 3
2024-03-21 23:10:33,430 - INFO - Moving to monster
2024-03-21 23:10:49,058 - INFO - Moving to tower
2024-03-21 23:11:24,933 - INFO - Healed
2024-03-21 23:11:29,173 - INFO - Died
2024-03-21 23:11:38,502 - INFO - Revived
2024-03-21 23:11:48,534 - INFO - Moving to tower
2024-03-21 23:12:48,674 - INFO - Finished loading
2024-03-21 23:14:31,902 - INFO - Moving to portal
2024-03-21 23:14:39,030 - INFO - Floor 2
2024-03-21 23:15:43,908 - INFO - Moving to boss
2024-03-21 23:15:57,705 - INFO - Moving to portal
2024-03-21 23:16:01,350 - INFO - Floor 3
2024-03-21 23:17:16,134 - INFO - Moving to tower
2024-03-21 23:17:29,802 - INFO - Moving to tower
2024-03-21 23:18:34,690 - INFO - Moving to monster
2024-03-21 23:18:48,953 - INFO - Moving to monster
2024-03-21 23:18:58,955 - INFO - Moving to monster
2024-03-21 23:19:09,035 - INFO - Moving to monster
2024-03-21 23:19:21,185 - INFO - Moving to monster
2024-03-21 23:19:30,851 - INFO - Moving to monster
2024-03-21 23:19:40,888 - INFO - Moving to monster
2024-03-21 23:19:52,783 - INFO - Moving to monster
2024-03-21 23:21:06,421 - INFO - Finished loading
2024-03-21 23:21:54,799 - INFO - Moving to boss
2024-03-21 23:22:28,345 - INFO - Moving to portal
2024-03-21 23:22:40,663 - INFO - Floor 3
2024-03-21 23:23:18,265 - INFO - Healed
2024-03-21 23:23:20,093 - INFO - Healed
2024-03-21 23:23:24,338 - INFO - Healed
2024-03-21 23:23:26,206 - INFO - Healed
2024-03-21 23:23:28,058 - INFO - Healed
2024-03-21 23:23:29,852 - INFO - Healed
2024-03-21 23:23:31,704 - INFO - Died
2024-03-21 23:23:41,305 - INFO - Revived
2024-03-21 23:24:05,152 - INFO - Moving to monster
2024-03-21 23:24:15,053 - INFO - Moving to monster
2024-03-21 23:24:30,533 - INFO - Moving to boss
2024-03-21 23:24:48,573 - INFO - Died
2024-03-21 23:24:57,158 - INFO - Revived
2024-03-21 23:24:59,236 - INFO - Moving to boss
2024-03-21 23:25:06,242 - INFO - Died
2024-03-21 23:25:15,911 - INFO - Revived
2024-03-21 23:25:19,786 - INFO - Moving to boss
2024-03-21 23:25:29,424 - INFO - Died
2024-03-21 23:25:38,336 - INFO - Revived
2024-03-21 23:25:40,376 - INFO - Moving to boss
2024-03-21 23:25:49,911 - INFO - Died
2024-03-21 23:25:59,244 - INFO - Revived
2024-03-21 23:26:01,322 - INFO - Moving to boss
2024-03-21 23:26:10,208 - INFO - Died
2024-03-21 23:26:18,825 - INFO - Revived
2024-03-21 23:26:22,646 - INFO - Moving to boss
2024-03-21 23:26:32,428 - INFO - Died
2024-03-21 23:26:41,677 - INFO - Revived
2024-03-21 23:28:11,490 - INFO - Moving to portal
2024-03-21 23:28:24,227 - INFO - Floor 2
2024-03-21 23:29:12,854 - INFO - Died
2024-03-21 23:29:21,743 - INFO - Revived
2024-03-21 23:29:33,104 - INFO - Healed
2024-03-21 23:29:33,635 - INFO - Moving to boss
2024-03-21 23:29:43,526 - INFO - Died
2024-03-21 23:29:52,030 - INFO - Revived
2024-03-21 23:29:54,236 - INFO - Moving to boss
2024-03-21 23:30:03,547 - INFO - Moving to portal
2024-03-21 23:30:07,168 - INFO - Floor 3
2024-03-21 23:30:29,480 - INFO - Moving to tower
2024-03-21 23:31:06,316 - INFO - Moving to tower
2024-03-21 23:32:03,816 - INFO - Moving to monster
2024-03-21 23:32:16,226 - INFO - Moving to monster
2024-03-21 23:32:35,214 - INFO - Moving to tower
2024-03-21 23:33:16,487 - INFO - Healed
2024-03-21 23:33:18,280 - INFO - Healed
2024-03-21 23:33:22,092 - INFO - Healed
2024-03-21 23:33:23,961 - INFO - Healed
2024-03-21 23:33:25,846 - INFO - Healed
2024-03-21 23:33:27,739 - INFO - Died
2024-03-21 23:33:37,022 - INFO - Revived
